<?xml version="1.0" encoding="UTF-8"?>
<!-- Generated by org.testng.reporters.JUnitXMLReporter -->
<testsuite hostname="DESKTOP-IDTNI42" ignored="0" name="Test" tests="13" failures="1" timestamp="28 Jul 2021 00:03:03 GMT" time="0.138" errors="0">
  <testcase name="flexiloanloginweb" time="0.015" classname="Loans.flexiloan"/>
  <testcase name="flexiloanloginapp" time="0.0" classname="Loans.flexiloan"/>
  <testcase name="carleaseloginapp" time="0.0" classname="Loans.carlease">
    <failure type="org.testng.TestNGException" message="
Parameter &amp;apos;url&amp;apos; is required by @Test on method carleaseloginapp but has not been marked @Optional or defined
in C:\Users\DELL\eclipse-workspace\TestSelenium\testng4.xml">
      <![CDATA[org.testng.TestNGException: 
Parameter 'url' is required by @Test on method carleaseloginapp but has not been marked @Optional or defined
in C:\Users\DELL\eclipse-workspace\TestSelenium\testng4.xml
... Removed 24 stack frames]]>
    </failure>
  </testcase> <!-- carleaseloginapp -->
  <testcase name="carleaseloginnet" time="0.0" classname="Loans.carlease"/>
  <testcase name="carleaseloginweb" time="0.0" classname="Loans.carlease"/>
  <testcase name="login" time="0.0" classname="Loans.carlease"/>
  <testcase name="login" time="0.0" classname="Loans.carlease"/>
  <testcase name="login" time="0.0" classname="Loans.carlease"/>
  <testcase name="carloanloginnet" time="0.016" classname="Loans.carloan"/>
  <testcase name="carloanloginweb" time="0.0" classname="Loans.carloan"/>
  <testcase name="fixedloanloginapp" time="0.0" classname="Loans.fixedloan"/>
  <testcase name="fixedloanloginnet" time="0.0" classname="Loans.fixedloan"/>
  <testcase name="fixedloanloginweb" time="0.0" classname="Loans.fixedloan"/>
</testsuite> <!-- Test -->
