<?xml version="1.0" encoding="UTF-8"?>
<!-- Generated by org.testng.reporters.JUnitXMLReporter -->
<testsuite hostname="DESKTOP-IDTNI42" ignored="0" name="Personalloan" tests="6" failures="1" timestamp="09 Jul 2021 23:49:11 GMT" time="0.075" errors="0">
  <testcase name="carleaseloginapp" time="0.0" classname="Loans.carlease">
    <failure type="org.testng.TestNGException" message="
Parameter &amp;apos;url&amp;apos; is required by @Test on method carleaseloginapp but has not been marked @Optional or defined
in C:\Users\DELL\eclipse-workspace\TestSelenium\testng2.xml">
      <![CDATA[org.testng.TestNGException: 
Parameter 'url' is required by @Test on method carleaseloginapp but has not been marked @Optional or defined
in C:\Users\DELL\eclipse-workspace\TestSelenium\testng2.xml
... Removed 24 stack frames]]>
    </failure>
  </testcase> <!-- carleaseloginapp -->
  <testcase name="carleaseloginnet" time="0.009" classname="Loans.carlease"/>
  <testcase name="carleaseloginweb" time="0.003" classname="Loans.carlease"/>
  <testcase name="login" time="0.002" classname="Loans.carlease"/>
  <testcase name="login" time="0.002" classname="Loans.carlease"/>
  <testcase name="login" time="0.001" classname="Loans.carlease"/>
</testsuite> <!-- Personalloan -->
